<?xml version="1.0" encoding="UTF-8"?>
<!-- Generated by org.testng.reporters.JUnitReportReporter -->
<testsuite skipped="0" hostname="LAPTOP-J1GC4JUM" name="practise.practise.Restassured" tests="2" failures="0" timestamp="2022-05-08T18:03:33 IST" time="2.233" errors="0">
  <testcase name="vlidate" time="0.008" classname="practise.practise.Restassured"/>
  <system-out/>
  <testcase name="entermaheshbabu" time="2.225" classname="practise.practise.Restassured"/>
  <system-out/>
</testsuite> <!-- practise.practise.Restassured -->
