<?xml version="1.0" encoding="UTF-8"?>
<!-- Generated by org.testng.reporters.JUnitReportReporter -->
<testsuite skipped="0" hostname="LAPTOP-J1GC4JUM" name="practise.practise.Restassured" tests="1" failures="0" timestamp="2022-05-08T17:51:37 IST" time="0.008" errors="0">
  <testcase name="vlidate" time="0.008" classname="practise.practise.Restassured"/>
  <system-out/>
</testsuite> <!-- practise.practise.Restassured -->
