<?xml version="1.0" encoding="UTF-8"?>
<!-- Generated by org.testng.reporters.JUnitReportReporter -->
<testsuite skipped="0" hostname="LAPTOP-J1GC4JUM" name="practise.practise.Excelsheetreader" tests="1" failures="0" timestamp="12 May 2022 10:05:24 GMT" time="40.511" errors="0">
  <testcase name="enterdetails" time="40.511" classname="practise.practise.Excelsheetreader"/>
</testsuite> <!-- practise.practise.Excelsheetreader -->
