<?xml version="1.0" encoding="UTF-8"?>
<!-- Generated by org.testng.reporters.JUnitReportReporter -->
<testsuite skipped="0" hostname="LAPTOP-J1GC4JUM" name="practise.practise.Restassured" tests="2" failures="0" timestamp="8 May 2022 12:32:34 GMT" time="4.519" errors="0">
  <testcase name="entermaheshbabu" time="4.497" classname="practise.practise.Restassured"/>
  <testcase name="vlidate" time="0.022" classname="practise.practise.Restassured"/>
</testsuite> <!-- practise.practise.Restassured -->
