<?xml version="1.0" encoding="UTF-8"?>
<!-- Generated by org.testng.reporters.JUnitReportReporter -->
<testsuite skipped="0" hostname="LAPTOP-J1GC4JUM" name="practise.practise.Restassured" tests="1" failures="0" timestamp="8 May 2022 12:21:02 GMT" time="0.011" errors="0">
  <testcase name="vlidate" time="0.011" classname="practise.practise.Restassured"/>
</testsuite> <!-- practise.practise.Restassured -->
