<?xml version="1.0" encoding="UTF-8"?>
<!-- Generated by org.testng.reporters.JUnitReportReporter -->
<testsuite skipped="0" hostname="LAPTOP-J1GC4JUM" name="testng.process.Firstclass" tests="3" failures="0" timestamp="21 Apr 2022 13:58:38 GMT" time="1.756" errors="0">
  <testcase name="validation" time="0.054" classname="testng.process.Firstclass"/>
  <testcase name="tiltlevalidation" time="0.017" classname="testng.process.Firstclass"/>
  <testcase name="validatext" time="1.685" classname="testng.process.Firstclass"/>
</testsuite> <!-- testng.process.Firstclass -->
